<?xml version="1.0" encoding="UTF-8"?>
<testng-results ignored="0" total="1" passed="1" failed="0" skipped="0">
  <reporter-output>
  </reporter-output>
  <suite started-at="2025-03-31T21:58:42 IST" name="Default suite" finished-at="2025-03-31T21:58:43 IST" duration-ms="887">
    <groups>
    </groups>
    <test started-at="2025-03-31T21:58:42 IST" name="Default test" finished-at="2025-03-31T21:58:43 IST" duration-ms="887">
      <class name="Database_test.Arunkumar_N_Details">
        <test-method is-config="true" signature="setup()[pri:0, instance:Database_test.Arunkumar_N_Details@485966cc]" started-at="2025-03-31T21:58:42 IST" name="setup" finished-at="2025-03-31T21:58:43 IST" duration-ms="779" status="PASS">
          <reporter-output>
          </reporter-output>
        </test-method> <!-- setup -->
        <test-method signature="testFetchAndValidateEmployeeDetails()[pri:0, instance:Database_test.Arunkumar_N_Details@485966cc]" started-at="2025-03-31T21:58:43 IST" name="testFetchAndValidateEmployeeDetails" finished-at="2025-03-31T21:58:43 IST" duration-ms="48" status="PASS">
          <reporter-output>
          </reporter-output>
        </test-method> <!-- testFetchAndValidateEmployeeDetails -->
        <test-method is-config="true" signature="tearDown()[pri:0, instance:Database_test.Arunkumar_N_Details@485966cc]" started-at="2025-03-31T21:58:43 IST" name="tearDown" finished-at="2025-03-31T21:58:43 IST" duration-ms="7" status="PASS">
          <reporter-output>
          </reporter-output>
        </test-method> <!-- tearDown -->
      </class> <!-- Database_test.Arunkumar_N_Details -->
    </test> <!-- Default test -->
  </suite> <!-- Default suite -->
</testng-results>
